<?xml version="1.0" encoding="UTF-8"?>
<testng-results ignored="0" total="4" passed="4" failed="0" skipped="0">
  <reporter-output>
  </reporter-output>
  <suite started-at="2021-11-15T17:14:12 IST" name="Default suite" finished-at="2021-11-15T17:14:12 IST" duration-ms="57">
    <groups>
    </groups>
    <test started-at="2021-11-15T17:14:12 IST" name="Default test" finished-at="2021-11-15T17:14:12 IST" duration-ms="57">
      <class name="com.demo.pkd.Demo1">
        <test-method signature="method4()[pri:-1, instance:com.demo.pkd.Demo1@37858383]" started-at="2021-11-15T17:14:12 IST" name="method4" finished-at="2021-11-15T17:14:12 IST" duration-ms="8" status="PASS">
          <reporter-output>
          </reporter-output>
        </test-method> <!-- method4 -->
        <test-method signature="method1()[pri:0, instance:com.demo.pkd.Demo1@37858383]" started-at="2021-11-15T17:14:12 IST" name="method1" finished-at="2021-11-15T17:14:12 IST" duration-ms="2" status="PASS">
          <reporter-output>
          </reporter-output>
        </test-method> <!-- method1 -->
        <test-method signature="method2()[pri:0, instance:com.demo.pkd.Demo1@37858383]" started-at="2021-11-15T17:14:12 IST" name="method2" finished-at="2021-11-15T17:14:12 IST" duration-ms="1" status="PASS">
          <reporter-output>
          </reporter-output>
        </test-method> <!-- method2 -->
        <test-method signature="method3()[pri:1, instance:com.demo.pkd.Demo1@37858383]" started-at="2021-11-15T17:14:12 IST" name="method3" finished-at="2021-11-15T17:14:12 IST" duration-ms="1" status="PASS">
          <reporter-output>
          </reporter-output>
        </test-method> <!-- method3 -->
      </class> <!-- com.demo.pkd.Demo1 -->
    </test> <!-- Default test -->
  </suite> <!-- Default suite -->
</testng-results>
